[06/09/22 08:58:21] "[KissSub][Steins;Gate][02][GB_BIG5_JP][BDrip][1080P][HEVC] 时空跳跃的妄想狂.mkv" | /home/zhao/Downloads/Steins Gate/第一季/[KissSub][Steins;Gate][02][GB_BIG5_JP][BDrip][1080P][HEVC] 时空跳跃的妄想狂.mkv
[06/09/22 09:02:12] "[KissSub][Steins;Gate][01][GB_BIG5_JP][BDrip][1080P][HEVC] 起源与终结的序章.mkv" | /home/zhao/Downloads/Steins Gate/第一季/[KissSub][Steins;Gate][01][GB_BIG5_JP][BDrip][1080P][HEVC] 起源与终结的序章.mkv
[06/09/22 17:14:14] "hhd800.com@SHKD-985.mp4" | /run/media/zhao/disk/public/SHKD-985/hhd800.com@SHKD-985.mp4
[06/09/22 17:56:11] "008ec4453ff31513f43893cba7aa31c8.png" | /home/zhao/.cache/mozilla/firefox/9kawiixe.default/thumbnails/008ec4453ff31513f43893cba7aa31c8.png
[06/09/22 17:56:12] "9a87e25f8b87934207b83748adc9f3e8.png" | /home/zhao/.cache/mozilla/firefox/9kawiixe.default/thumbnails/9a87e25f8b87934207b83748adc9f3e8.png
[06/09/22 17:56:12] "51871c899ee79a853a327b1b4abec80f.png" | /home/zhao/.cache/mozilla/firefox/9kawiixe.default/thumbnails/51871c899ee79a853a327b1b4abec80f.png
[06/09/22 17:56:13] "a671923067ad5906aebb69f52c8d8984.png" | /home/zhao/.cache/mozilla/firefox/9kawiixe.default/thumbnails/a671923067ad5906aebb69f52c8d8984.png
[06/09/22 17:56:18] "dd52d97075255855a20db3c3c3c63ce7.png" | /home/zhao/.cache/mozilla/firefox/wc4oojbl.default-release-1662257162979/thumbnails/dd52d97075255855a20db3c3c3c63ce7.png
[06/09/22 17:56:32] "2fd7411a98602635fc94df579a22d9c1.png" | /home/zhao/.cache/thumbnails/normal/2fd7411a98602635fc94df579a22d9c1.png
[06/09/22 17:56:32] "2ebde0af24e6f90ed49e6524a03dcefd.png" | /home/zhao/.cache/thumbnails/normal/2ebde0af24e6f90ed49e6524a03dcefd.png
[06/09/22 17:56:32] "2d10f1f812dcf11e81d95b2755b58941.png" | /home/zhao/.cache/thumbnails/normal/2d10f1f812dcf11e81d95b2755b58941.png
[06/09/22 17:56:32] "2b8f2b9256934b91fd81d3b1b553caa7.png" | /home/zhao/.cache/thumbnails/normal/2b8f2b9256934b91fd81d3b1b553caa7.png
[06/09/22 17:56:33] "2b1f704da19bed6cc89e2918f64348ee.png" | /home/zhao/.cache/thumbnails/normal/2b1f704da19bed6cc89e2918f64348ee.png
[06/09/22 17:56:33] "2ab9ef00c911ccbd458768039dfa56cc.png" | /home/zhao/.cache/thumbnails/normal/2ab9ef00c911ccbd458768039dfa56cc.png
[06/09/22 17:56:33] "1e7ce7accf72a8367eb6406f9039fb54.png" | /home/zhao/.cache/thumbnails/normal/1e7ce7accf72a8367eb6406f9039fb54.png
[06/09/22 17:56:33] "1da5f8bfb0afd44068b566977d74cb2c.png" | /home/zhao/.cache/thumbnails/normal/1da5f8bfb0afd44068b566977d74cb2c.png
[06/09/22 17:56:33] "1b21860885734a1a039fded27b3e7659.png" | /home/zhao/.cache/thumbnails/normal/1b21860885734a1a039fded27b3e7659.png
[06/09/22 17:56:34] "1b720009975bf3915f81cc6631455812.png" | /home/zhao/.cache/thumbnails/normal/1b720009975bf3915f81cc6631455812.png
[06/09/22 17:56:34] "1b10bd4d514a405658b27097154221ce.png" | /home/zhao/.cache/thumbnails/normal/1b10bd4d514a405658b27097154221ce.png
[06/09/22 17:56:34] "1a13b7a82ea30f72c674a295eede971d.png" | /home/zhao/.cache/thumbnails/normal/1a13b7a82ea30f72c674a295eede971d.png
[06/09/22 17:56:35] "0eb1340dc1fc731a535c2b56b7d627d0.png" | /home/zhao/.cache/thumbnails/normal/0eb1340dc1fc731a535c2b56b7d627d0.png
[06/09/22 17:56:35] "0bc21d0e3eb7e9ddf602152006de8970.png" | /home/zhao/.cache/thumbnails/normal/0bc21d0e3eb7e9ddf602152006de8970.png
[06/09/22 17:56:35] "e8722daf94fabb396bd2687c1c055bf6.png" | /home/zhao/.cache/mozilla/firefox/wc4oojbl.default-release-1662257162979/thumbnails/e8722daf94fabb396bd2687c1c055bf6.png
[06/09/22 17:56:35] "a671923067ad5906aebb69f52c8d8984.png" | /home/zhao/.cache/mozilla/firefox/wc4oojbl.default-release-1662257162979/thumbnails/a671923067ad5906aebb69f52c8d8984.png
[06/09/22 17:56:37] "aec6c15a42e61c25ebe50cba7ae23c29.png" | /home/zhao/.cache/mozilla/firefox/9kawiixe.default/thumbnails/aec6c15a42e61c25ebe50cba7ae23c29.png
[06/09/22 17:56:38] "dd52d97075255855a20db3c3c3c63ce7.png" | /home/zhao/.cache/mozilla/firefox/9kawiixe.default/thumbnails/dd52d97075255855a20db3c3c3c63ce7.png
[06/09/22 17:56:39] "e0ed1515e1e7fde535fbd6a8f2e09cfb.png" | /home/zhao/.cache/mozilla/firefox/9kawiixe.default/thumbnails/e0ed1515e1e7fde535fbd6a8f2e09cfb.png
[06/09/22 17:56:40] "eecfb2c5eab6d3d9fbb3019ca413be88.png" | /home/zhao/.cache/mozilla/firefox/9kawiixe.default/thumbnails/eecfb2c5eab6d3d9fbb3019ca413be88.png
[06/09/22 17:56:52] "9503c756e095da0cea33e168aa0ed443.png" | /home/zhao/.cache/mozilla/firefox/wc4oojbl.default-release-1662257162979/thumbnails/9503c756e095da0cea33e168aa0ed443.png
[06/09/22 18:05:42] "[KissSub][Steins;Gate][01][GB_BIG5_JP][BDrip][1080P][HEVC] 起源与终结的序章.mkv" | /home/zhao/SG/第一季/[KissSub][Steins;Gate][01][GB_BIG5_JP][BDrip][1080P][HEVC] 起源与终结的序章.mkv
[06/09/22 18:08:35] "[KissSub][Steins;Gate][02][GB_BIG5_JP][BDrip][1080P][HEVC] 时空跳跃的妄想狂.mkv" | /home/zhao/SG/第一季/[KissSub][Steins;Gate][02][GB_BIG5_JP][BDrip][1080P][HEVC] 时空跳跃的妄想狂.mkv
[06/09/22 19:22:50] "Top.Gun.Maverick.2022.2160p.WEB.H265-DEFLATE.mkv" | /home/zhao/Downloads/Top.Gun.Maverick.2022.IMAX.2160p.WEB-DL.x265.8bit.SDR.DDP5.1.Atmos-DEFLATE/Top.Gun.Maverick.2022.2160p.WEB.H265-DEFLATE.mkv
[06/09/22 20:18:39] "hhd800.com@SHKD-985.mp4" | /home/zhao/Downloads/SHKD-985/hhd800.com@SHKD-985.mp4
[06/09/22 20:19:27] "hhd800.com@SSIS-256.mp4" | /home/zhao/Downloads/SSIS-256/hhd800.com@SSIS-256.mp4
[06/09/22 20:20:01] "hhd800.com@PPT-129.mp4" | /home/zhao/Downloads/PPT-129/hhd800.com@PPT-129.mp4
[06/09/22 20:20:37] "hhd800.com@IPX-907.mp4" | /home/zhao/Downloads/IPX-907/hhd800.com@IPX-907.mp4
[06/09/22 20:20:59] "hhd800.com@CAWD-335.mp4" | /home/zhao/Downloads/CAWD-335/hhd800.com@CAWD-335.mp4
[07/09/22 17:47:25] "ADN-414-C_X1080X.mp4" | /home/zhao/Downloads/ADN-414-C_X1080X/ADN-414-C_X1080X.mp4
[10/09/22 22:22:35] "hhd800.com@SSIS-509.mp4" | /home/zhao/Downloads/hhd800.com@SSIS-509.mp4
[11/09/22 20:17:58] "[KissSub][Steins;Gate][02][GB_BIG5_JP][BDrip][1080P][HEVC] 时空跳跃的妄想狂.mkv" | /run/media/zhao/disk/public/Steins Gate/第一季/[KissSub][Steins;Gate][02][GB_BIG5_JP][BDrip][1080P][HEVC] 时空跳跃的妄想狂.mkv
[11/09/22 20:32:38] "[KissSub][Steins;Gate][01][GB_BIG5_JP][BDrip][1080P][HEVC] 起源与终结的序章.mkv" | /run/media/zhao/disk/public/Steins Gate/第一季/[KissSub][Steins;Gate][01][GB_BIG5_JP][BDrip][1080P][HEVC] 起源与终结的序章.mkv
[11/09/22 23:07:21] "[KissSub][Steins;Gate][03][GB_BIG5_JP][BDrip][1080P][HEVC] 平行制法的妄想狂.mkv" | /run/media/zhao/disk/public/Steins Gate/第一季/[KissSub][Steins;Gate][03][GB_BIG5_JP][BDrip][1080P][HEVC] 平行制法的妄想狂.mkv
[13/09/22 11:13:31] "爱在西元前" | /home/zhao/Music/DOUBAN top250 FLAC/004 范特西 - 周杰伦 2001/01 爱在西元前.flac
[15/09/22 20:06:48] "hhd800.com@IPX-934.mp4" | /home/zhao/Downloads/tmp/IPX-934/hhd800.com@IPX-934.mp4
[15/09/22 20:08:35] "DASS-060-C_X1080X.mp4" | /home/zhao/Downloads/tmp/DASS-060-C_X1080X/DASS-060-C_X1080X.mp4
[16/09/22 21:26:05] "ADN-416-C_X1080X.mp4" | /home/zhao/Downloads/ADN-416-C_X1080X/ADN-416-C_X1080X.mp4
[19/09/22 09:41:33] "Chongqing.Hot.Pot.2016.CHINESE.1080p.BluRay.x264-iKiW" | /home/zhao/Downloads/Chongqing.Hot.Pot.2016.CHINESE.1080p.BluRay.x264-iKiW/Chongqing.Hot.Pot.2016.CHINESE.1080p.BluRay.x264-iKiW.mkv
[20/09/22 16:47:37] "[KissSub][Steins;Gate][04][GB_BIG5_JP][BDrip][1080P][HEVC] 空理彷徨的汇聚.mkv" | /run/media/zhao/disk/public/Steins Gate/第一季/[KissSub][Steins;Gate][04][GB_BIG5_JP][BDrip][1080P][HEVC] 空理彷徨的汇聚.mkv
[20/09/22 16:55:03] "[KissSub][Steins;Gate][05][GB_BIG5_JP][BDrip][1080P][HEVC] 电荷冲撞的汇聚.mkv" | /run/media/zhao/disk/public/Steins Gate/第一季/[KissSub][Steins;Gate][05][GB_BIG5_JP][BDrip][1080P][HEVC] 电荷冲撞的汇聚.mkv
[20/09/22 17:49:29] "[KissSub][Steins;Gate][06][GB_BIG5_JP][BDrip][1080P][HEVC] 蝶翼的世界变动率.mkv" | /run/media/zhao/disk/public/Steins Gate/第一季/[KissSub][Steins;Gate][06][GB_BIG5_JP][BDrip][1080P][HEVC] 蝶翼的世界变动率.mkv
[23/09/22 21:46:22] "[KissSub][Steins;Gate][04][GB_BIG5_JP][BDrip][1080P][HEVC] 空理彷徨的汇聚.mkv" | /home/zhao/第一季/[KissSub][Steins;Gate][04][GB_BIG5_JP][BDrip][1080P][HEVC] 空理彷徨的汇聚.mkv
[23/09/22 21:51:14] "[KissSub][Steins;Gate][05][GB_BIG5_JP][BDrip][1080P][HEVC] 电荷冲撞的汇聚.mkv" | /home/zhao/第一季/[KissSub][Steins;Gate][05][GB_BIG5_JP][BDrip][1080P][HEVC] 电荷冲撞的汇聚.mkv
[23/09/22 22:04:29] "[KissSub][Steins;Gate][06][GB_BIG5_JP][BDrip][1080P][HEVC] 蝶翼的世界变动率.mkv" | /home/zhao/第一季/[KissSub][Steins;Gate][06][GB_BIG5_JP][BDrip][1080P][HEVC] 蝶翼的世界变动率.mkv
[24/09/22 20:34:29] "[KissSub][Steins;Gate][07][GB_BIG5_JP][BDrip][1080P][HEVC] 分歧的世界变动率.mkv" | /home/zhao/第一季/[KissSub][Steins;Gate][07][GB_BIG5_JP][BDrip][1080P][HEVC] 分歧的世界变动率.mkv
[24/09/22 21:03:27] "[KissSub][Steins;Gate][08][GB_BIG5_JP][BDrip][1080P][HEVC] 梦魇显露的定态.mkv" | /home/zhao/第一季/[KissSub][Steins;Gate][08][GB_BIG5_JP][BDrip][1080P][HEVC] 梦魇显露的定态.mkv
[25/09/22 14:16:22] "【预告】25日19点 重庆狼队 vs 北京WB - 哔哩哔哩王者荣耀赛事" | /home/zhao/tcp://127.0.0.1:27948
[25/09/22 14:25:36] "[KissSub][Steins;Gate][09][GB_BIG5_JP][BDrip][1080P][HEVC] 虚幻离常的定态.mkv" | /home/zhao/第一季/[KissSub][Steins;Gate][09][GB_BIG5_JP][BDrip][1080P][HEVC] 虚幻离常的定态.mkv
[01/10/22 20:53:56] "昆仑神宫[Kunlun Tomb](2022)" | /home/zhao/Download/昆仑神宫/01.4K.H265.HD国语中字无水印.mp4
[01/10/22 21:27:03] "Jujutsu Kaisen 0 (2021)" | /home/zhao/Downloads/Jujutsu Kaisen 0 (2021) [BD 1080p HEVC Dual-Audio] [Vodes].mkv
[02/10/22 20:36:50] "hhd800.com@SSIS-535.mp4" | /home/zhao/Downloads/tmp/SSIS-535/hhd800.com@SSIS-535.mp4
[02/10/22 21:11:48] "hhd800.com@SSIS-525.mp4" | /home/zhao/Downloads/tmp/SSIS-525/hhd800.com@SSIS-525.mp4
[02/10/22 21:11:49] "hhd800.com@IPX-867.mp4" | /home/zhao/Downloads/tmp/IPX-867/hhd800.com@IPX-867.mp4
[03/10/22 19:12:23] "Jujutsu Kaisen 0 (2021)" | /home/zhao/Downloads/jujutsu.mkv
[03/10/22 20:47:23] "【S12全球总决赛】入围赛 10月3日 RNG vs SGB" | edl://!no_clip;!no_chapters;%557%https://upos-sz-mirrorhw.bilivideo.com/upgcxcode/58/94/850619458/850619458_da3-1-30280.m4s?e=ig8euxZM2rNcNbdlhoNvNC8BqJIzNbfqXBvEqxTEto8BTrNvN0GvT90W5JZMkX_YN0MvXg8gNEV4NC8xNEV4N03eN0B5tZlqNxTEto8BTrNvNeZVuJ10Kj_g2UB02J0mN0B5tZlqNCNEto8BTrNvNC7MTX502C8f2jmMQJ6mqF2fka1mqx6gqj0eN0B599M=&uipk=5&nbs=1&deadline=1664807090&gen=playurlv2&os=hwbv&oi=0&trid=f9e48c1cc5fd410bbc300066589eabceu&mid=0&platform=pc&upsig=4b5feeddddcc007c9f10fe60e22e6ebd&uparams=e,uipk,nbs,deadline,gen,os,oi,trid,mid,platform&bvc=vod&nettype=0&orderid=0,3&agrr=0&bw=16217&logo=80000000;!new_stream;!no_clip;!no_chapters;%558%https://upos-sz-mirrorhw.bilivideo.com/upgcxcode/58/94/850619458/850619458_da3-1-30077.m4s?e=ig8euxZM2rNcNbdlhoNvNC8BqJIzNbfqXBvEqxTEto8BTrNvN0GvT90W5JZMkX_YN0MvXg8gNEV4NC8xNEV4N03eN0B5tZlqNxTEto8BTrNvNeZVuJ10Kj_g2UB02J0mN0B5tZlqNCNEto8BTrNvNC7MTX502C8f2jmMQJ6mqF2fka1mqx6gqj0eN0B599M=&uipk=5&nbs=1&deadline=1664807090&gen=playurlv2&os=hwbv&oi=0&trid=f9e48c1cc5fd410bbc300066589eabceu&mid=0&platform=pc&upsig=8bb6d9541394df5fdae3c78a5160f7cf&uparams=e,uipk,nbs,deadline,gen,os,oi,trid,mid,platform&bvc=vod&nettype=0&orderid=0,3&agrr=0&bw=205377&logo=80000000
[04/10/22 10:39:20] "05.KLSG.2022.1080P.H264.AAC-YYDS.mp4" | /home/zhao/Downloads/昆仑神宫 4K 2022  持续更新/05.KLSG.2022.1080P.H264.AAC-YYDS.mp4
[04/10/22 10:55:26] "06.KLSG.2022.1080P.H264.AAC-YYDS.mp4" | /home/zhao/Downloads/昆仑神宫 4K 2022  持续更新/06.KLSG.2022.1080P.H264.AAC-YYDS.mp4
[04/10/22 11:11:05] "07.KLSG.2022.1080P.H264.AAC-YYDS.mp4" | /home/zhao/Downloads/昆仑神宫 4K 2022  持续更新/07.KLSG.2022.1080P.H264.AAC-YYDS.mp4
[04/10/22 11:11:49] "x5h5.com 推特完美女神【尽职の媛媛】土豪专享之水晶棒口球自插超刺激 口塞花嫁自慰玩穴 高潮喷水 高清1080P原版.mp4" | /home/zhao/Downloads/推特完美女神【尽职の媛媛】土豪专享之水晶棒口球自插超刺激 口塞花嫁自慰玩穴 高潮喷水 高清1080P原版/x5h5.com 推特完美女神【尽职の媛媛】土豪专享之水晶棒口球自插超刺激 口塞花嫁自慰玩穴 高潮喷水 高清1080P原版.mp4
[04/10/22 20:37:05] "白丝.mp4" | /home/zhao/Downloads/Pornhub__LexisCandyShop-FHD/LexisCandyShop (3)/白丝.mp4
[04/10/22 20:37:33] "P站价值29.9美金付费视频首次放出.mp4" | /home/zhao/Downloads/Pornhub__LexisCandyShop-FHD/LexisCandyShop (3)/P站价值29.9美金付费视频首次放出.mp4
[04/10/22 20:37:42] "LexisCandyShop] Cute Intern Girl Fucks co Worker in a Hotel Room.MP4" | /home/zhao/Downloads/Pornhub__LexisCandyShop-FHD/LexisCandyShop (3)/LexisCandyShop] Cute Intern Girl Fucks co Worker in a Hotel Room.MP4
[04/10/22 20:37:55] "LexisCandyShop OnlyFans.mp4" | /home/zhao/Downloads/Pornhub__LexisCandyShop-FHD/LexisCandyShop (3)/LexisCandyShop OnlyFans.mp4
[04/10/22 20:38:29] "0gn6twhsca71qsickwggr_source.mp4" | /home/zhao/Downloads/Pornhub__LexisCandyShop-FHD/LexisCandyShop (1)/0gn6twhsca71qsickwggr_source.mp4
[04/10/22 20:38:43] "0gqkn0mbrgf20d2u1s4xp_source.mp4" | /home/zhao/Downloads/Pornhub__LexisCandyShop-FHD/LexisCandyShop (1)/0gqkn0mbrgf20d2u1s4xp_source.mp4
[04/10/22 20:38:51] "0gthsbohximd5spwmnxp5_source.mp4" | /home/zhao/Downloads/Pornhub__LexisCandyShop-FHD/LexisCandyShop (1)/0gthsbohximd5spwmnxp5_source.mp4
[04/10/22 20:38:56] "0gv73gfet2z00x7axxxg5_source.mp4" | /home/zhao/Downloads/Pornhub__LexisCandyShop-FHD/LexisCandyShop (1)/0gv73gfet2z00x7axxxg5_source.mp4
[04/10/22 20:38:58] "0gvu784h0fn7oa7zjnqik_source.mp4" | /home/zhao/Downloads/Pornhub__LexisCandyShop-FHD/LexisCandyShop (1)/0gvu784h0fn7oa7zjnqik_source.mp4
[04/10/22 20:39:02] "0gwkv1o88ki4qylnofgms_source.mp4" | /home/zhao/Downloads/Pornhub__LexisCandyShop-FHD/LexisCandyShop (1)/0gwkv1o88ki4qylnofgms_source.mp4
[04/10/22 20:39:04] "0gwnt2f4h90bm63n67gsa_source.mp4" | /home/zhao/Downloads/Pornhub__LexisCandyShop-FHD/LexisCandyShop (1)/0gwnt2f4h90bm63n67gsa_source.mp4
[04/10/22 20:39:06] "0gwu4rycwon7ut517okzv_source.mp4" | /home/zhao/Downloads/Pornhub__LexisCandyShop-FHD/LexisCandyShop (1)/0gwu4rycwon7ut517okzv_source.mp4
[04/10/22 20:39:09] "0gxn7q8tp3bto74w3c789_source.mp4" | /home/zhao/Downloads/Pornhub__LexisCandyShop-FHD/LexisCandyShop (1)/0gxn7q8tp3bto74w3c789_source.mp4
[04/10/22 20:39:11] "0gxpxadw8y577s168dann_source.mp4" | /home/zhao/Downloads/Pornhub__LexisCandyShop-FHD/LexisCandyShop (1)/0gxpxadw8y577s168dann_source.mp4
[04/10/22 20:39:14] "0gyr0vbydwh691sytj2r0_source.mp4" | /home/zhao/Downloads/Pornhub__LexisCandyShop-FHD/LexisCandyShop (1)/0gyr0vbydwh691sytj2r0_source.mp4
[04/10/22 20:39:16] "0gyrunj4bw5cg5lztvigm_source.mp4" | /home/zhao/Downloads/Pornhub__LexisCandyShop-FHD/LexisCandyShop (1)/0gyrunj4bw5cg5lztvigm_source.mp4
[04/10/22 20:39:25] "0gyry1nkn708luoxlleou_source.mp4" | /home/zhao/Downloads/Pornhub__LexisCandyShop-FHD/LexisCandyShop (1)/0gyry1nkn708luoxlleou_source.mp4
[04/10/22 20:39:27] "0gywiec27fk2uhgu6s2ct_source.mp4" | /home/zhao/Downloads/Pornhub__LexisCandyShop-FHD/LexisCandyShop (1)/0gywiec27fk2uhgu6s2ct_source.mp4
[04/10/22 20:39:29] "0gzagjcmx8lbu1pbdqaog_source.mp4" | /home/zhao/Downloads/Pornhub__LexisCandyShop-FHD/LexisCandyShop (1)/0gzagjcmx8lbu1pbdqaog_source.mp4
[04/10/22 20:39:33] "1 (12).mp4" | /home/zhao/Downloads/Pornhub__LexisCandyShop-FHD/LexisCandyShop (1)/1 (12).mp4
[04/10/22 20:39:38] "22.1.27.mp4" | /home/zhao/Downloads/Pornhub__LexisCandyShop-FHD/LexisCandyShop (1)/22.1.27.mp4
[04/10/22 20:39:42] "【Lexiscandyshop】清纯学生妹晚饭前被反扑在沙发上狂操.mp4" | /home/zhao/Downloads/Pornhub__LexisCandyShop-FHD/LexisCandyShop (1)/【Lexiscandyshop】清纯学生妹晚饭前被反扑在沙发上狂操.mp4
[04/10/22 20:39:46] "[LEXISCANDYSHOP] ASIAN TEEN HAS MULTIPLE ORGASMS IN DIFFERENT POSITIONS.mp4" | /home/zhao/Downloads/Pornhub__LexisCandyShop-FHD/LexisCandyShop (1)/[LEXISCANDYSHOP] ASIAN TEEN HAS MULTIPLE ORGASMS IN DIFFERENT POSITIONS.mp4
[04/10/22 20:39:53] "【LEXISCANDYSHOP】SOLO ASIAN TEEN AFTER SHOWER MASTURBATION MULTIPLE ORGASMS.mp4" | /home/zhao/Downloads/Pornhub__LexisCandyShop-FHD/LexisCandyShop (1)/【LEXISCANDYSHOP】SOLO ASIAN TEEN AFTER SHOWER MASTURBATION MULTIPLE ORGASMS.mp4
[04/10/22 20:40:18] "1080P_4000K_318420851.mp4" | /home/zhao/Downloads/Pornhub__LexisCandyShop-FHD/LexisCandyShop (2)/1080P_4000K_318420851.mp4
[04/10/22 20:40:58] "1080P_4000K_346604801.mp4" | /home/zhao/Downloads/Pornhub__LexisCandyShop-FHD/LexisCandyShop (2)/1080P_4000K_346604801.mp4
[04/10/22 20:41:09] "1080P_8000K_323816761.mp4" | /home/zhao/Downloads/Pornhub__LexisCandyShop-FHD/LexisCandyShop (2)/1080P_8000K_323816761.mp4
[04/10/22 20:41:37] "2160P-大屁股中国少女，后入爆操.mp4" | /home/zhao/Downloads/Pornhub__LexisCandyShop-FHD/LexisCandyShop (2)/2160P-大屁股中国少女，后入爆操.mp4
[04/10/22 20:41:39] "1080P_4000K_3157265212.mp4" | /home/zhao/Downloads/Pornhub__LexisCandyShop-FHD/LexisCandyShop (2)/1080P_4000K_3157265212.mp4
[04/10/22 20:49:58] "[KissSub][Steins;Gate][10][GB_BIG5_JP][BDrip][1080P][HEVC] 相生相克的定态.mkv" | /home/zhao/第一季/[KissSub][Steins;Gate][10][GB_BIG5_JP][BDrip][1080P][HEVC] 相生相克的定态.mkv
[04/10/22 20:55:29] "[KissSub][Steins;Gate][11][GB_BIG5_JP][BDrip][1080P][HEVC] 时空边界的教理.mkv" | /home/zhao/第一季/[KissSub][Steins;Gate][11][GB_BIG5_JP][BDrip][1080P][HEVC] 时空边界的教理.mkv
[04/10/22 20:57:02] "[KissSub][Steins;Gate][12][GB_BIG5_JP][BDrip][1080P][HEVC] 静滞极限的教理.mkv" | /home/zhao/第一季/[KissSub][Steins;Gate][12][GB_BIG5_JP][BDrip][1080P][HEVC] 静滞极限的教理.mkv
[04/10/22 20:57:14] "[KissSub][Steins;Gate][13][GB_BIG5_JP][BDrip][1080P][HEVC] 永恒本源的崩坏.mkv" | /home/zhao/第一季/[KissSub][Steins;Gate][13][GB_BIG5_JP][BDrip][1080P][HEVC] 永恒本源的崩坏.mkv
[04/10/22 21:15:13] "[KissSub][Steins;Gate][14][GB_BIG5_JP][BDrip][1080P][HEVC] 衍生具象的崩坏.mkv" | /home/zhao/第一季/[KissSub][Steins;Gate][14][GB_BIG5_JP][BDrip][1080P][HEVC] 衍生具象的崩坏.mkv
[04/10/22 21:21:27] "[KissSub][Steins;Gate][15][GB_BIG5_JP][BDrip][1080P][HEVC] 缺失环中的崩坏.mkv" | /home/zhao/第一季/[KissSub][Steins;Gate][15][GB_BIG5_JP][BDrip][1080P][HEVC] 缺失环中的崩坏.mkv
[04/10/22 21:22:14] "[KissSub][Steins;Gate][16][GB_BIG5_JP][BDrip][1080P][HEVC] 不可逆转的崩坏.mkv" | /home/zhao/第一季/[KissSub][Steins;Gate][16][GB_BIG5_JP][BDrip][1080P][HEVC] 不可逆转的崩坏.mkv
[04/10/22 22:03:39] "[KissSub][Steins;Gate][17][GB_BIG5_JP][BDrip][1080P][HEVC] 虚像扭曲的交织.mkv" | /home/zhao/第一季/[KissSub][Steins;Gate][17][GB_BIG5_JP][BDrip][1080P][HEVC] 虚像扭曲的交织.mkv
[04/10/22 22:47:42] "[KissSub][Steins;Gate][18][GB_BIG5_JP][BDrip][1080P][HEVC] 伪似的阴阳共生.mkv" | /home/zhao/第一季/[KissSub][Steins;Gate][18][GB_BIG5_JP][BDrip][1080P][HEVC] 伪似的阴阳共生.mkv
[05/10/22 13:20:39] "【S12全球总决赛】入围赛 10月5日 DFM vs RNG" | edl://!no_clip;!no_chapters;%559%https://upos-sz-mirrorcos.bilivideo.com/upgcxcode/61/55/852495561/852495561_da3-1-30280.m4s?e=ig8euxZM2rNcNbdlhoNvNC8BqJIzNbfqXBvEqxTEto8BTrNvN0GvT90W5JZMkX_YN0MvXg8gNEV4NC8xNEV4N03eN0B5tZlqNxTEto8BTrNvNeZVuJ10Kj_g2UB02J0mN0B5tZlqNCNEto8BTrNvNC7MTX502C8f2jmMQJ6mqF2fka1mqx6gqj0eN0B599M=&uipk=5&nbs=1&deadline=1664954429&gen=playurlv2&os=cosbv&oi=0&trid=5042cfe2fe0e4f738c0a44159b8c46e7u&mid=0&platform=pc&upsig=acd4eb1fab743bafa131fef92918bcc1&uparams=e,uipk,nbs,deadline,gen,os,oi,trid,mid,platform&bvc=vod&nettype=0&orderid=0,3&agrr=1&bw=16222&logo=80000000;!new_stream;!no_clip;!no_chapters;%558%https://upos-sz-mirrorhw.bilivideo.com/upgcxcode/61/55/852495561/852495561_da3-1-30077.m4s?e=ig8euxZM2rNcNbdlhoNvNC8BqJIzNbfqXBvEqxTEto8BTrNvN0GvT90W5JZMkX_YN0MvXg8gNEV4NC8xNEV4N03eN0B5tZlqNxTEto8BTrNvNeZVuJ10Kj_g2UB02J0mN0B5tZlqNCNEto8BTrNvNC7MTX502C8f2jmMQJ6mqF2fka1mqx6gqj0eN0B599M=&uipk=5&nbs=1&deadline=1664954429&gen=playurlv2&os=hwbv&oi=0&trid=5042cfe2fe0e4f738c0a44159b8c46e7u&mid=0&platform=pc&upsig=957f393f22e4143e8959517640559828&uparams=e,uipk,nbs,deadline,gen,os,oi,trid,mid,platform&bvc=vod&nettype=0&orderid=0,3&agrr=1&bw=209740&logo=80000000
[05/10/22 14:10:32] "【S12全球总决赛】入围赛 10月5日 DFM vs RNG - 2 - 第二局（4K）" | edl://!no_clip;!no_chapters;%559%https://upos-sz-mirrorcos.bilivideo.com/upgcxcode/55/83/852508355/852508355_da3-1-30280.m4s?e=ig8euxZM2rNcNbdlhoNvNC8BqJIzNbfqXBvEqxTEto8BTrNvN0GvT90W5JZMkX_YN0MvXg8gNEV4NC8xNEV4N03eN0B5tZlqNxTEto8BTrNvNeZVuJ10Kj_g2UB02J0mN0B5tZlqNCNEto8BTrNvNC7MTX502C8f2jmMQJ6mqF2fka1mqx6gqj0eN0B599M=&uipk=5&nbs=1&deadline=1664954448&gen=playurlv2&os=cosbv&oi=0&trid=490fa001b74d4dba90beb6ccb542ebf9u&mid=0&platform=pc&upsig=a70bea5fd27b5d95f1083fab1650d0ef&uparams=e,uipk,nbs,deadline,gen,os,oi,trid,mid,platform&bvc=vod&nettype=0&orderid=0,3&agrr=1&bw=16217&logo=80000000;!new_stream;!no_clip;!no_chapters;%560%https://upos-sz-mirrorcos.bilivideo.com/upgcxcode/55/83/852508355/852508355_da3-1-30077.m4s?e=ig8euxZM2rNcNbdlhoNvNC8BqJIzNbfqXBvEqxTEto8BTrNvN0GvT90W5JZMkX_YN0MvXg8gNEV4NC8xNEV4N03eN0B5tZlqNxTEto8BTrNvNeZVuJ10Kj_g2UB02J0mN0B5tZlqNCNEto8BTrNvNC7MTX502C8f2jmMQJ6mqF2fka1mqx6gqj0eN0B599M=&uipk=5&nbs=1&deadline=1664954448&gen=playurlv2&os=cosbv&oi=0&trid=490fa001b74d4dba90beb6ccb542ebf9u&mid=0&platform=pc&upsig=1bc4e6a3843262f363b4fd38b4bcb2f5&uparams=e,uipk,nbs,deadline,gen,os,oi,trid,mid,platform&bvc=vod&nettype=0&orderid=0,3&agrr=1&bw=204813&logo=80000000
[05/10/22 16:11:14] "[KissSub][Steins;Gate][19][GB_BIG5_JP][BDrip][1080P][HEVC] 无尽连绵的凋亡.mkv" | /home/zhao/第一季/[KissSub][Steins;Gate][19][GB_BIG5_JP][BDrip][1080P][HEVC] 无尽连绵的凋亡.mkv
[05/10/22 17:09:28] "[KissSub][Steins;Gate][20][GB_BIG5_JP][BDrip][1080P][HEVC] 怨叹绝灭的凋亡.mkv" | /home/zhao/第一季/[KissSub][Steins;Gate][20][GB_BIG5_JP][BDrip][1080P][HEVC] 怨叹绝灭的凋亡.mkv
[05/10/22 19:27:54] "x5h5.com 推特完美女神【尽职の媛媛】土豪专享之水晶棒口球自插超刺激 口塞花嫁自慰玩穴 高潮喷水 高清1080P原版.mp4" | /home/zhao/Downloads/Pornhub__LexisCandyShop-FHD/推特完美女神【尽职の媛媛】土豪专享之水晶棒口球自插超刺激 口塞花嫁自慰玩穴 高潮喷水 高清1080P原版/x5h5.com 推特完美女神【尽职の媛媛】土豪专享之水晶棒口球自插超刺激 口塞花嫁自慰玩穴 高潮喷水 高清1080P原版.mp4
[05/10/22 20:01:49] "hhd800.com@MOGI-062.mp4" | /home/zhao/Downloads/tmp/MOGI-062/hhd800.com@MOGI-062.mp4
[05/10/22 20:02:21] "hhd800.com@ADN-425-C_X1080X.mp4" | /home/zhao/Downloads/tmp/ADN-425-C_X1080X/hhd800.com@ADN-425-C_X1080X.mp4
[05/10/22 20:07:30] "hhd800.com@ABW-283.mp4" | /home/zhao/Downloads/tmp/ABW-283/hhd800.com@ABW-283.mp4
[05/10/22 20:43:22] "08.4K.H265.AAC-YYDS.mp4" | /home/zhao/Downloads/昆仑神宫 4K 2022  持续更新/08.4K.H265.AAC-YYDS.mp4
[05/10/22 21:04:37] "09.4K.H265.AAC-YYDS.mp4" | /home/zhao/Downloads/昆仑神宫 4K 2022  持续更新/09.4K.H265.AAC-YYDS.mp4
[05/10/22 21:41:46] "P站国人大神-LexisCandyShop最新一部 完美身材激情大战.mp4" | /home/zhao/Downloads/Pornhub__LexisCandyShop-FHD/P站国人大神-LexisCandyShop最新一部 完美身材激情大战.mp4
[06/10/22 11:33:51] "10.4K.H265.AAC-YYDS.mp4" | /home/zhao/Downloads/昆仑神宫 4K 2022  持续更新/10.4K.H265.AAC-YYDS.mp4
[06/10/22 12:22:34] "Kunlun.Tomb.S01E11.2022.4K.H265.AAC-YYDS.mp4" | /home/zhao/Downloads/昆仑神宫 4K 2022  持续更新/Kunlun.Tomb.S01E11.2022.4K.H265.AAC-YYDS.mp4
[06/10/22 13:07:15] "Kunlun.Tomb.S01E12.2022.4K.H265.AAC-YYDS.mp4" | /home/zhao/Downloads/昆仑神宫 4K 2022  持续更新/Kunlun.Tomb.S01E12.2022.4K.H265.AAC-YYDS.mp4
[06/10/22 13:40:42] "Kunlun.Tomb.S01E13.2022.4K.H265.AAC-YYDS.mp4" | /home/zhao/Downloads/昆仑神宫 4K 2022  持续更新/Kunlun.Tomb.S01E13.2022.4K.H265.AAC-YYDS.mp4
[06/10/22 14:07:41] "Kunlun.Tomb.S01E14.2022.4K.H265.AAC-YYDS.mp4" | /home/zhao/Downloads/昆仑神宫 4K 2022  持续更新/Kunlun.Tomb.S01E14.2022.4K.H265.AAC-YYDS.mp4
[06/10/22 14:35:27] "Kunlun.Tomb.S01E15.2022.4K.H265.AAC-YYDS.mp4" | /home/zhao/Downloads/昆仑神宫 4K 2022  持续更新/Kunlun.Tomb.S01E15.2022.4K.H265.AAC-YYDS.mp4
[06/10/22 20:09:03] "Kunlun.Tomb.S01E16.2022.4K.H265.AAC-YYDS.mp4" | /home/zhao/Downloads/昆仑神宫 4K 2022  持续更新/Kunlun.Tomb.S01E16.2022.4K.H265.AAC-YYDS.mp4
[06/10/22 21:20:04] "[KissSub][Steins;Gate][21][GB_BIG5_JP][BDrip][1080P][HEVC] 因果律的融解.mkv" | /home/zhao/第一季/[KissSub][Steins;Gate][21][GB_BIG5_JP][BDrip][1080P][HEVC] 因果律的融解.mkv
[06/10/22 21:57:48] "[KissSub][Steins;Gate][22][GB_BIG5_JP][BDrip][1080P][HEVC] 存在相知的融解.mkv" | /home/zhao/第一季/[KissSub][Steins;Gate][22][GB_BIG5_JP][BDrip][1080P][HEVC] 存在相知的融解.mkv
[06/10/22 22:43:41] "[KissSub][Steins;Gate][23][GB_BIG5_JP][BDrip][1080P][HEVC] 边界曲面的命运石大门.mkv" | /home/zhao/第一季/[KissSub][Steins;Gate][23][GB_BIG5_JP][BDrip][1080P][HEVC] 边界曲面的命运石大门.mkv
[06/10/22 23:00:10] "[KissSub][Steins;Gate][24][GB_BIG5_JP][BDrip][1080P][HEVC] 终结与起源的序章.mkv" | /home/zhao/第一季/[KissSub][Steins;Gate][24][GB_BIG5_JP][BDrip][1080P][HEVC] 终结与起源的序章.mkv
[06/10/22 23:23:02] "[KissSub][Steins;Gate][25][GB_BIG5][BDrip][720P][HEVC]横行跋扈的浪荡之徒.mkv" | /home/zhao/第一季/[KissSub][Steins;Gate][25][GB_BIG5][BDrip][720P][HEVC]横行跋扈的浪荡之徒.mkv
[07/10/22 12:44:02] "[FZSub] [Steins;Gate][SP1][GB_BIG5][BDrip][1080P][HEVC] 聪明睿智的认知计算01-料理编.mkv" | /home/zhao/Downloads/Steins Gate/SP/[FZSub] [Steins;Gate][SP1][GB_BIG5][BDrip][1080P][HEVC] 聪明睿智的认知计算01-料理编.mkv
[07/10/22 16:41:06] "Top.Gun.1986.2160p.BluRay.x264.8bit.SDR.DTS-HD.MA.TrueHD.7.1.Atmos-SWTYBLZ" | /home/zhao/Downloads/Top.Gun.1986.2160p.BluRay.x264.8bit.SDR.DTS-HD.MA.TrueHD.7.1.Atmos-SWTYBLZ/Top.Gun.1986.2160p.BluRay.x264.8bit.SDR.DTS-HD.MA.TrueHD.7.1.Atmos-SWTYBLZ.mkv
[07/10/22 22:22:27] "hhd800.com@SSIS-513.mp4" | /home/zhao/Downloads/tmp/SSIS-513/hhd800.com@SSIS-513.mp4
[07/10/22 22:29:55] "hhd800.com@SSIS-532.mp4" | /home/zhao/Downloads/tmp/SSIS-532/hhd800.com@SSIS-532.mp4
[07/10/22 22:31:08] "hhd800.com@SSIS-379.mp4" | /home/zhao/Downloads/tmp/SSIS-379/hhd800.com@SSIS-379.mp4
[08/10/22 06:09:01] "IPX-933-C_X1080X.mp4" | /home/zhao/Downloads/tmp/IPX-933-C_X1080X/IPX-933-C_X1080X.mp4
[08/10/22 06:09:01] "hhd800.com@IPX-689.mp4" | /home/zhao/Downloads/tmp/IPX-689/hhd800.com@IPX-689.mp4
[08/10/22 06:09:02] "hhd800.com@SSIS-406-C_X1080X.mp4" | /home/zhao/Downloads/tmp/SSIS-406-C_X1080X/hhd800.com@SSIS-406-C_X1080X.mp4
[08/10/22 06:09:02] "hhd800.com@SSIS-369.mp4" | /home/zhao/Downloads/tmp/SSIS-369/hhd800.com@SSIS-369.mp4
[10/10/22 14:09:36] "Top.Gun.1986.2160p.BluRay.REMUX.HEVC.DTS-HD.MA.TrueHD.7.1.Atmos-FGT" | /home/zhao/Downloads/Top.Gun.1986.2160p.BluRay.REMUX.HEVC.DTS-HD.MA.TrueHD.7.1.Atmos-FGT/Top.Gun.1986.2160p.BluRay.REMUX.HEVC.DTS-HD.MA.TrueHD.7.1.Atmos-FGT.mkv
[10/10/22 14:09:38] "Dong.Bei.Cha.Ban.Sheng.2022.E01.1080p.WEB-DL.H265.AAC-YYDS.mp4" | /home/zhao/Downloads/东北插班生.全24集.2022-YYDS/Dong.Bei.Cha.Ban.Sheng.2022.E01.1080p.WEB-DL.H265.AAC-YYDS.mp4
[10/10/22 14:41:55] "东北插班生(2022)" | /home/zhao/Downloads/Tiger.Visit.Macao.2022.E01.WEB-DL.4k.H265.AAC-Xiaomi.mp4
[10/10/22 20:39:23] "东北插班生(2022)" | /home/zhao/Downloads/Tiger.Visit.Macao.2022.E02.WEB-DL.4k.H265.AAC-Xiaomi.mp4
[10/10/22 20:59:07] "东北插班生(2022)" | /home/zhao/Downloads/Tiger.Visit.Macao.2022.E03.WEB-DL.4k.H265.AAC-Xiaomi.mp4
[11/10/22 13:35:13] "东北插班生(2022)" | /home/zhao/Downloads/Tiger.Visit.Macao.2022.E04.WEB-DL.4k.H265.AAC-Xiaomi.mp4
[11/10/22 13:54:24] "东北插班生(2022)" | /home/zhao/Downloads/Tiger.Visit.Macao.2022.E05.WEB-DL.4k.H265.AAC-Xiaomi.mp4
[11/10/22 14:12:49] "东北插班生(2022)" | /home/zhao/Downloads/Tiger.Visit.Macao.2022.E06.WEB-DL.4k.H265.AAC-Xiaomi.mp4
[11/10/22 14:33:13] "东北插班生(2022)" | /home/zhao/Downloads/Tiger.Visit.Macao.2022.E07.WEB-DL.4k.H265.AAC-Xiaomi.mp4
[11/10/22 14:50:08] "东北插班生(2022)" | /home/zhao/Downloads/Tiger.Visit.Macao.2022.E08.WEB-DL.4k.H265.AAC-Xiaomi.mp4
[11/10/22 15:07:33] "东北插班生(2022)" | /home/zhao/Downloads/Tiger.Visit.Macao.2022.E09.WEB-DL.4k.H265.AAC-Xiaomi.mp4
[11/10/22 15:26:56] "东北插班生(2022)" | /home/zhao/Downloads/Tiger.Visit.Macao.2022.E10.WEB-DL.4k.H265.AAC-Xiaomi.mp4
[11/10/22 16:18:45] "东北插班生(2022)" | /home/zhao/Downloads/Tiger.Visit.Macao.2022.E11.WEB-DL.4k.H265.AAC-Xiaomi.mp4
[11/10/22 17:30:07] "东北插班生(2022)" | /home/zhao/Downloads/Tiger.Visit.Macao.2022.E12.WEB-DL.4k.H265.AAC-Xiaomi.mp4
[11/10/22 17:44:58] "东北插班生(2022)" | /home/zhao/Downloads/Tiger.Visit.Macao.2022.E13.WEB-DL.4k.H265.AAC-Xiaomi.mp4
[11/10/22 19:05:48] "东北插班生(2022)" | /home/zhao/Downloads/Tiger.Visit.Macao.2022.E14.WEB-DL.4k.H265.AAC-Xiaomi.mp4
[11/10/22 19:25:18] "东北插班生(2022)" | /home/zhao/Downloads/Tiger.Visit.Macao.2022.E16.WEB-DL.4k.H265.AAC-Xiaomi.mp4
[11/10/22 19:45:49] "东北插班生(2022)" | /home/zhao/Downloads/Tiger.Visit.Macao.2022.E17.WEB-DL.4k.H265.AAC-Xiaomi.mp4
[11/10/22 20:02:01] "东北插班生(2022)" | /home/zhao/Downloads/Tiger.Visit.Macao.2022.E18.WEB-DL.4k.H265.AAC-Xiaomi.mp4
[11/10/22 20:18:35] "东北插班生(2022)" | /home/zhao/Downloads/Tiger.Visit.Macao.2022.E19.WEB-DL.4k.H265.AAC-Xiaomi.mp4
[11/10/22 20:35:24] "东北插班生(2022)" | /home/zhao/Downloads/Tiger.Visit.Macao.2022.E20.WEB-DL.4k.H265.AAC-Xiaomi.mp4
[11/10/22 21:14:48] "东北插班生(2022)" | /home/zhao/Downloads/Tiger.Visit.Macao.2022.E21.WEB-DL.4k.H265.AAC-Xiaomi.mp4
[11/10/22 21:14:57] "东北插班生(2022)" | /home/zhao/Downloads/Tiger.Visit.Macao.2022.E22.WEB-DL.4k.H265.AAC-Xiaomi.mp4
[11/10/22 21:30:33] "东北插班生(2022)" | /home/zhao/Downloads/Tiger.Visit.Macao.2022.E23.WEB-DL.4k.H265.AAC-Xiaomi.mp4
[11/10/22 21:47:37] "东北插班生(2022)" | /home/zhao/Downloads/Tiger.Visit.Macao.2022.E24.WEB-DL.4k.H265.AAC-Xiaomi.mp4
[13/10/22 09:56:14] "Top.Gun.Maverick.2022.2160p.WEB.H265-DEFLATE.mkv" | /run/media/zhao/disk/public/Top.Gun.Maverick.2022.IMAX.2160p.WEB-DL.x265.8bit.SDR.DDP5.1.Atmos-DEFLATE/Top.Gun.Maverick.2022.2160p.WEB.H265-DEFLATE.mkv
[13/10/22 16:16:44] "Moon.Man.2022.WEB-DL.4K.H.265.AAC-CTRLTV.mp4" | /home/zhao/Downloads/【首发于高清影视之家 www.BBQDDQ.com】独行月球[国语音轨+中文字幕].Moon.Man.2022.WEB-DL.2160p.H.265.AAC-CTRLTV/Moon.Man.2022.WEB-DL.4K.H.265.AAC-CTRLTV.mp4
[13/10/22 17:25:38] "IMG_3888.MOV" | /home/zhao/Downloads/Telegram Desktop/IMG_3888.MOV
[13/10/22 19:16:18] "①更多视频请在tg收藏夹输入@AnchorPorn.mp4" | /home/zhao/Downloads/Telegram Desktop/①更多视频请在tg收藏夹输入@AnchorPorn.mp4
[14/10/22 20:31:32] "cjod149-5.mp4" | /home/zhao/Downloads/tmp/hjd2048.com-0721cjod149-h264/cjod149-5.mp4
[14/10/22 20:35:38] "cjod149.jpg" | /home/zhao/Downloads/tmp/hjd2048.com-0721cjod149-h264/cjod149.jpg
[14/10/22 20:36:27] "hjd2048.com-0721cjod149-h264.mp4" | /home/zhao/Downloads/tmp/hjd2048.com-0721cjod149-h264/hjd2048.com-0721cjod149-h264.mp4
[14/10/22 21:19:58] "Good People 2014 720p WEB-DL x264 Ganool com" | /home/zhao/Downloads/球尔@www.sexinsex.net@IPZ-462/IPZ-462.mp4
[14/10/22 21:20:44] "hhd800.com@SSIS-364.mp4" | /home/zhao/Downloads/tmp/SSIS-364/hhd800.com@SSIS-364.mp4
[14/10/22 21:33:45] "hhd800.com@IPX-951-C_X1080X.mp4" | /home/zhao/Downloads/tmp/IPX-951-C_X1080X/hhd800.com@IPX-951-C_X1080X.mp4
[16/10/22 14:52:41] "录屏 2022年10月16日 14时26分23秒.webm" | /home/zhao/Downloads/Telegram Desktop/录屏 2022年10月16日 14时26分23秒.webm
