[06/09/22 08:41:46] "[KissSub][Steins;Gate][13][GB_BIG5_JP][BDrip][1080P][HEVC] 永恒本源的崩坏.mkv" | /home/zhao/Downloads/Steins Gate/第一季/[KissSub][Steins;Gate][13][GB_BIG5_JP][BDrip][1080P][HEVC] 永恒本源的崩坏.mkv
[06/09/22 08:41:47] "[KissSub][Steins;Gate][12][GB_BIG5_JP][BDrip][1080P][HEVC] 静滞极限的教理.mkv" | /home/zhao/Downloads/Steins Gate/第一季/[KissSub][Steins;Gate][12][GB_BIG5_JP][BDrip][1080P][HEVC] 静滞极限的教理.mkv
[06/09/22 08:41:47] "[KissSub][Steins;Gate][11][GB_BIG5_JP][BDrip][1080P][HEVC] 时空边界的教理.mkv" | /home/zhao/Downloads/Steins Gate/第一季/[KissSub][Steins;Gate][11][GB_BIG5_JP][BDrip][1080P][HEVC] 时空边界的教理.mkv
[06/09/22 08:41:47] "[KissSub][Steins;Gate][10][GB_BIG5_JP][BDrip][1080P][HEVC] 相生相克的定态.mkv" | /home/zhao/Downloads/Steins Gate/第一季/[KissSub][Steins;Gate][10][GB_BIG5_JP][BDrip][1080P][HEVC] 相生相克的定态.mkv
[06/09/22 08:41:47] "[KissSub][Steins;Gate][09][GB_BIG5_JP][BDrip][1080P][HEVC] 虚幻离常的定态.mkv" | /home/zhao/Downloads/Steins Gate/第一季/[KissSub][Steins;Gate][09][GB_BIG5_JP][BDrip][1080P][HEVC] 虚幻离常的定态.mkv
[06/09/22 08:41:47] "[KissSub][Steins;Gate][08][GB_BIG5_JP][BDrip][1080P][HEVC] 梦魇显露的定态.mkv" | /home/zhao/Downloads/Steins Gate/第一季/[KissSub][Steins;Gate][08][GB_BIG5_JP][BDrip][1080P][HEVC] 梦魇显露的定态.mkv
[06/09/22 08:41:48] "[KissSub][Steins;Gate][07][GB_BIG5_JP][BDrip][1080P][HEVC] 分歧的世界变动率.mkv" | /home/zhao/Downloads/Steins Gate/第一季/[KissSub][Steins;Gate][07][GB_BIG5_JP][BDrip][1080P][HEVC] 分歧的世界变动率.mkv
[06/09/22 08:41:48] "[KissSub][Steins;Gate][06][GB_BIG5_JP][BDrip][1080P][HEVC] 蝶翼的世界变动率.mkv" | /home/zhao/Downloads/Steins Gate/第一季/[KissSub][Steins;Gate][06][GB_BIG5_JP][BDrip][1080P][HEVC] 蝶翼的世界变动率.mkv
[06/09/22 08:41:49] "[KissSub][Steins;Gate][05][GB_BIG5_JP][BDrip][1080P][HEVC] 电荷冲撞的汇聚.mkv" | /home/zhao/Downloads/Steins Gate/第一季/[KissSub][Steins;Gate][05][GB_BIG5_JP][BDrip][1080P][HEVC] 电荷冲撞的汇聚.mkv
[06/09/22 08:41:50] "[KissSub][Steins;Gate][04][GB_BIG5_JP][BDrip][1080P][HEVC] 空理彷徨的汇聚.mkv" | /home/zhao/Downloads/Steins Gate/第一季/[KissSub][Steins;Gate][04][GB_BIG5_JP][BDrip][1080P][HEVC] 空理彷徨的汇聚.mkv
[06/09/22 08:41:50] "[KissSub][Steins;Gate][03][GB_BIG5_JP][BDrip][1080P][HEVC] 平行制法的妄想狂.mkv" | /home/zhao/Downloads/Steins Gate/第一季/[KissSub][Steins;Gate][03][GB_BIG5_JP][BDrip][1080P][HEVC] 平行制法的妄想狂.mkv
[06/09/22 08:41:59] "[KissSub][Steins;Gate][01][GB_BIG5_JP][BDrip][1080P][HEVC] 起源与终结的序章.mkv" | /home/zhao/Downloads/Steins Gate/第一季/[KissSub][Steins;Gate][01][GB_BIG5_JP][BDrip][1080P][HEVC] 起源与终结的序章.mkv
[06/09/22 08:45:04] "008ec4453ff31513f43893cba7aa31c8.png" | /home/zhao/.cache/mozilla/firefox/9kawiixe.default/thumbnails/008ec4453ff31513f43893cba7aa31c8.png
[06/09/22 08:45:05] "9a87e25f8b87934207b83748adc9f3e8.png" | /home/zhao/.cache/mozilla/firefox/9kawiixe.default/thumbnails/9a87e25f8b87934207b83748adc9f3e8.png
[06/09/22 08:45:05] "51871c899ee79a853a327b1b4abec80f.png" | /home/zhao/.cache/mozilla/firefox/9kawiixe.default/thumbnails/51871c899ee79a853a327b1b4abec80f.png
[06/09/22 08:45:06] "a671923067ad5906aebb69f52c8d8984.png" | /home/zhao/.cache/mozilla/firefox/9kawiixe.default/thumbnails/a671923067ad5906aebb69f52c8d8984.png
[06/09/22 08:45:07] "aec6c15a42e61c25ebe50cba7ae23c29.png" | /home/zhao/.cache/mozilla/firefox/9kawiixe.default/thumbnails/aec6c15a42e61c25ebe50cba7ae23c29.png
[06/09/22 08:45:07] "dd52d97075255855a20db3c3c3c63ce7.png" | /home/zhao/.cache/mozilla/firefox/9kawiixe.default/thumbnails/dd52d97075255855a20db3c3c3c63ce7.png
[06/09/22 08:45:08] "e0ed1515e1e7fde535fbd6a8f2e09cfb.png" | /home/zhao/.cache/mozilla/firefox/9kawiixe.default/thumbnails/e0ed1515e1e7fde535fbd6a8f2e09cfb.png
[06/09/22 08:45:09] "eecfb2c5eab6d3d9fbb3019ca413be88.png" | /home/zhao/.cache/mozilla/firefox/9kawiixe.default/thumbnails/eecfb2c5eab6d3d9fbb3019ca413be88.png
[06/09/22 08:45:11] "9503c756e095da0cea33e168aa0ed443.png" | /home/zhao/.cache/mozilla/firefox/wc4oojbl.default-release-1662257162979/thumbnails/9503c756e095da0cea33e168aa0ed443.png
[06/09/22 08:45:12] "a671923067ad5906aebb69f52c8d8984.png" | /home/zhao/.cache/mozilla/firefox/wc4oojbl.default-release-1662257162979/thumbnails/a671923067ad5906aebb69f52c8d8984.png
[06/09/22 08:45:12] "dd52d97075255855a20db3c3c3c63ce7.png" | /home/zhao/.cache/mozilla/firefox/wc4oojbl.default-release-1662257162979/thumbnails/dd52d97075255855a20db3c3c3c63ce7.png
[06/09/22 08:45:13] "e8722daf94fabb396bd2687c1c055bf6.png" | /home/zhao/.cache/mozilla/firefox/wc4oojbl.default-release-1662257162979/thumbnails/e8722daf94fabb396bd2687c1c055bf6.png
[06/09/22 08:45:14] "icon.png" | /home/zhao/.cache/paru/clone/electron15/src/electron/default_app/icon.png
[06/09/22 08:45:15] "chrome-processes.png" | /home/zhao/.cache/paru/clone/electron15/src/electron/docs/images/chrome-processes.png
[06/09/22 08:45:16] "connection-status.png" | /home/zhao/.cache/paru/clone/electron15/src/electron/docs/images/connection-status.png
[06/09/22 08:45:23] "dark_mode.gif" | /home/zhao/.cache/paru/clone/electron15/src/electron/docs/images/dark_mode.gif
[06/09/22 08:45:24] "dock-progress-bar.png" | /home/zhao/.cache/paru/clone/electron15/src/electron/docs/images/dock-progress-bar.png
[06/09/22 08:45:29] "drag-and-drop.gif" | /home/zhao/.cache/paru/clone/electron15/src/electron/docs/images/drag-and-drop.gif
[06/09/22 08:49:15] "[KissSub][Steins;Gate][02][GB_BIG5_JP][BDrip][1080P][HEVC] 时空跳跃的妄想狂.mkv" | /home/zhao/Downloads/Steins Gate/第一季/[KissSub][Steins;Gate][02][GB_BIG5_JP][BDrip][1080P][HEVC] 时空跳跃的妄想狂.mkv
