[18/10/22 21:51:25] "hhd800.com@BLK-504.mp4" | /home/zhao/Downloads/tmp/BLK-504/hhd800.com@BLK-504.mp4
[18/10/22 21:52:22] "hhd800.com@BLK-517.mp4" | /home/zhao/Downloads/tmp/BLK-517/hhd800.com@BLK-517.mp4
[18/10/22 23:48:20] "hhd800.com@EBOD-948-C_X1080X.mp4" | /home/zhao/Downloads/tmp/EBOD-948-C_X1080X/hhd800.com@EBOD-948-C_X1080X.mp4
[19/10/22 15:56:00] "hhd800.com@LULU-166.mp4" | /home/zhao/Downloads/lu/LULU-166/hhd800.com@LULU-166.mp4
[19/10/22 15:59:29] "hhd800.com@FC2-PPV-3080945.mp4" | /home/zhao/Downloads/lu/FC2-PPV-3080945/hhd800.com@FC2-PPV-3080945.mp4
[19/10/22 16:24:00] "hhd800.com@MRHP-013.mp4" | /home/zhao/Downloads/lu/MRHP-013/hhd800.com@MRHP-013.mp4
[19/10/22 16:30:49] "hhd800.com@SSIS-539.mp4" | /home/zhao/Downloads/lu/SSIS-539/hhd800.com@SSIS-539.mp4
[19/10/22 19:13:00] "hhd800.com@BACJ-030.mp4" | /home/zhao/Downloads/lu/BACJ-030/hhd800.com@BACJ-030.mp4
[19/10/22 20:55:49] "View in Queenstown, New Zealand.mp4" | /home/zhao/Videos/View in Queenstown, New Zealand.mp4
[19/10/22 21:20:11] "hhd800.com@EYAN-188-C_X1080X.mp4" | /home/zhao/Videos/lu/EYAN-188-C_X1080X/hhd800.com@EYAN-188-C_X1080X.mp4
[19/10/22 22:34:11] "mo6699.net~Free Adult Movie, Fastest & Newest Porn Movie Site.jpg" | /home/zhao/Videos/lu/hjd2048.com-0831pred099-h264/mo6699.net~Free Adult Movie, Fastest & Newest Porn Movie Site.jpg
[19/10/22 22:34:11] "mo6699.net~自由な成人映画、最も速く&最新ポルノ映画サイト.jpg" | /home/zhao/Videos/lu/hjd2048.com-0831pred099-h264/mo6699.net~自由な成人映画、最も速く&最新ポルノ映画サイト.jpg
[19/10/22 22:34:11] "pred099.jpg" | /home/zhao/Videos/lu/hjd2048.com-0831pred099-h264/pred099.jpg
[19/10/22 22:34:11] "ty997.com~激情裸聊隨時看.gif" | /home/zhao/Videos/lu/hjd2048.com-0831pred099-h264/ty997.com~激情裸聊隨時看.gif
[19/10/22 22:34:11] "UU裸聊AY456.COM.gif" | /home/zhao/Videos/lu/hjd2048.com-0831pred099-h264/UU裸聊AY456.COM.gif
[19/10/22 22:34:11] "★★★★美女裸聊，免费试看请输入网址uu392.com ★★★★.gif" | /home/zhao/Videos/lu/hjd2048.com-0831pred099-h264/★★★★美女裸聊，免费试看请输入网址uu392.com ★★★★.gif
[19/10/22 22:34:11] "同城交友KKM56.COM.gif" | /home/zhao/Videos/lu/hjd2048.com-0831pred099-h264/同城交友KKM56.COM.gif
[19/10/22 22:34:11] "最新成人AV X8B9.COM.gif" | /home/zhao/Videos/lu/hjd2048.com-0831pred099-h264/最新成人AV X8B9.COM.gif
[19/10/22 22:37:53] "hhd800.com@MRHP-013.mp4" | /home/zhao/Videos/lu/MRHP-013/hhd800.com@MRHP-013.mp4
[19/10/22 22:38:33] "hhd800.com@BACJ-030.mp4" | /home/zhao/Videos/lu/BACJ-030/hhd800.com@BACJ-030.mp4
[19/10/22 22:39:29] "PRED-256.mp4" | /home/zhao/Videos/lu/PRED-256.mp4
[19/10/22 22:39:39] "hhd800.com@SSIS-539.mp4" | /home/zhao/Videos/lu/SSIS-539/hhd800.com@SSIS-539.mp4
[19/10/22 22:52:34] "(WANZ)(WANZ-560)デカ尻マニアックス 篠田ゆう.mp4" | /home/zhao/Videos/lu/(WANZ)(WANZ-560)デカ尻マニアックス 篠田ゆう.mp4
[19/10/22 23:23:51] "好听日本歌曲 Best Japanese Song 日本流行歌曲 Top Japanese Song.mp4" | /home/zhao/Videos/好听日本歌曲 Best Japanese Song 日本流行歌曲 Top Japanese Song.mp4
[19/10/22 23:38:49] "她说" | /home/zhao/Music/DOUBAN top250 FLAC/250 她说 - 林俊杰 2010/1-01 她说.flac
[19/10/22 23:41:57] "范瑋琪 Christine Fan - 一顆心的距離 (官方版MV).f135.mp4" | /home/zhao/Videos/范瑋琪 Christine Fan - 一顆心的距離 (官方版MV).f135.mp4
[19/10/22 23:43:36] "范瑋琪 Christine Fan - 一顆心的距離 (官方版MV).mp4" | /home/zhao/Videos/范瑋琪 Christine Fan - 一顆心的距離 (官方版MV).mp4
